<?xml version="1.0" encoding="UTF-8"?>
<testng-results ignored="0" total="2" passed="2" failed="0" skipped="0">
  <reporter-output>
  </reporter-output>
  <suite started-at="2024-09-30T16:54:00 IST" name="Default suite" finished-at="2024-09-30T16:54:06 IST" duration-ms="6277">
    <groups>
    </groups>
    <test started-at="2024-09-30T16:54:00 IST" name="Default test" finished-at="2024-09-30T16:54:06 IST" duration-ms="6277">
      <class name="Testpkg.Saucetest">
        <test-method is-config="true" signature="setUp()[pri:0, instance:Testpkg.Saucetest@2e8c1c9b]" started-at="2024-09-30T16:54:00 IST" name="setUp" finished-at="2024-09-30T16:54:01 IST" duration-ms="1512" status="PASS">
          <reporter-output>
          </reporter-output>
        </test-method> <!-- setUp -->
        <test-method signature="test()[pri:0, instance:Testpkg.Saucetest@2e8c1c9b]" started-at="2024-09-30T16:54:01 IST" name="test" finished-at="2024-09-30T16:54:04 IST" duration-ms="2131" status="PASS">
          <reporter-output>
          </reporter-output>
        </test-method> <!-- test -->
        <test-method signature="verifyloginwithcred()[pri:0, instance:Testpkg.Saucetest@2e8c1c9b]" started-at="2024-09-30T16:54:04 IST" name="verifyloginwithcred" finished-at="2024-09-30T16:54:06 IST" duration-ms="2595" status="PASS">
          <reporter-output>
          </reporter-output>
        </test-method> <!-- verifyloginwithcred -->
      </class> <!-- Testpkg.Saucetest -->
    </test> <!-- Default test -->
  </suite> <!-- Default suite -->
</testng-results>
